<?xml version="1.0" encoding="UTF-8"?>
<!-- Generated by org.testng.reporters.JUnitReportReporter -->
<testsuite hostname="DESKTOP-E2JOFU2" failures="0" tests="1" name="practice_pom.SampleTestWitPOM" time="10.690" errors="0" timestamp="2024-10-10T17:34:35 IST" skipped="0">
  <testcase classname="practice_pom.SampleTestWitPOM" name="sampleTest" time="10.690"/>
  <system-out/>
</testsuite> <!-- practice_pom.SampleTestWitPOM -->
